2016-05-16 00:03:01,451 [MiCare Ftdi Com Thread] INFO  MessageLogger - A100D7IB: RX - 02-FF-00-1E-71-00-00-00-00-79-00-1E-71-00-00-00-00-79-AA-13-13-00-20-00-00-03
2016-05-16 00:07:10,164 [MiCare Ftdi Com Thread] INFO  MessageLogger - A100D7IB: RX - 02-FF-00-00-00-00-00-00-00-00-00-1E-71-01-00-00-01-3E-A6-F2-82-03
2016-05-16 00:07:10,214 [MiCare Ftdi Com Thread] INFO  MessageLogger - A100D7IB: TX - 02-00-00-1E-71-01-00-00-01-3E-00-00-00-00-00-00-00-00-A6-06-F2-82-00-03
2016-05-16 00:18:33,778 [MiCare Ftdi Com Thread] INFO  MessageLogger - A100D7IB: RX - 02-FF-00-1E-71-00-00-00-00-79-00-1E-71-05-00-00-02-0D-A7-00-1E-71-01-00-00-01-3E-87-03
2016-05-16 00:18:33,778 [MiCare Ftdi Com Thread] INFO  MessageLogger - A100D7IB: RX - 02-FF-00-1E-71-00-00-00-00-79-00-1E-71-05-00-00-02-0D-A3-84-E7-02-09-20-FF-FF-E2-00-00-00-1E-71-01-00-00-01-3E-8D-03
2016-05-16 00:18:33,828 [MiCare Ftdi Com Thread] INFO  MessageLogger - A100D7IB: RX - 02-FF-00-1E-71-00-00-00-00-79-00-1E-71-05-00-00-02-0D-A3-84-E7-02-09-20-FF-FF-E2-00-00-00-1E-71-01-00-00-01-3E-8D-03
2016-05-16 00:18:33,828 [MiCare Ftdi Com Thread] INFO  MessageLogger - A100D7IB: RX - 02-FF-00-1E-71-00-00-00-00-79-00-1E-71-05-00-00-02-0D-A3-84-E7-02-09-20-FF-FF-E2-00-00-00-1E-71-01-00-00-01-3E-8D-03
2016-05-16 00:18:33,828 [MiCare Ftdi Com Thread] INFO  MessageLogger - A100D7IB: TX - 02-00-00-1E-71-05-00-00-02-0D-00-00-00-00-00-00-00-00-A3-06-84-E7-09-03
2016-05-16 00:18:33,878 [MiCare Ftdi Com Thread] INFO  MessageLogger - A100D7IB: TX - 02-00-00-1E-71-05-00-00-02-0D-00-00-00-00-00-00-00-00-A3-06-84-E7-09-03
2016-05-16 00:18:33,928 [MiCare Ftdi Com Thread] INFO  MessageLogger - A100D7IB: TX - 02-00-00-1E-71-05-00-00-02-0D-00-00-00-00-00-00-00-00-A3-06-84-E7-09-03
2016-05-16 00:59:56,352 [MiCare Ftdi Com Thread] INFO  MessageLogger - A100D7IB: RX - 02-FF-00-1E-71-00-00-00-00-79-00-1E-71-05-00-00-02-34-A7-00-1E-71-01-00-00-01-3E-51-03
2016-05-16 00:59:56,402 [MiCare Ftdi Com Thread] INFO  MessageLogger - A100D7IB: RX - 02-FF-00-1E-71-00-00-00-00-79-00-1E-71-05-00-00-02-34-A3-05-A2-02-09-20-FF-FF-E2-00-00-00-1E-71-00-00-00-00-79-6F-03
2016-05-16 00:59:56,402 [MiCare Ftdi Com Thread] INFO  MessageLogger - A100D7IB: RX - 02-FF-00-1E-71-00-00-00-00-79-00-1E-71-05-00-00-02-34-A3-05-A2-02-09-20-FF-FF-E2-00-00-00-1E-71-00-00-00-00-79-6F-03
2016-05-16 00:59:56,452 [MiCare Ftdi Com Thread] INFO  MessageLogger - A100D7IB: RX - 02-FF-00-1E-71-00-00-00-00-79-00-1E-71-05-00-00-02-34-A3-05-A2-02-09-20-FF-FF-E2-00-00-00-1E-71-00-00-00-00-79-6F-03
2016-05-16 00:59:56,472 [MiCare Ftdi Com Thread] INFO  MessageLogger - A100D7IB: TX - 02-00-00-1E-71-05-00-00-02-34-00-00-00-00-00-00-00-00-A3-06-05-A2-09-03
2016-05-16 00:59:56,522 [MiCare Ftdi Com Thread] INFO  MessageLogger - A100D7IB: TX - 02-00-00-1E-71-05-00-00-02-34-00-00-00-00-00-00-00-00-A3-06-05-A2-09-03
2016-05-16 00:59:56,572 [MiCare Ftdi Com Thread] INFO  MessageLogger - A100D7IB: TX - 02-00-00-1E-71-05-00-00-02-34-00-00-00-00-00-00-00-00-A3-06-05-A2-09-03
2016-05-16 01:03:27,182 [MiCare Ftdi Com Thread] INFO  MessageLogger - A100D7IB: RX - 02-FF-00-1E-71-00-00-00-00-79-00-1E-71-00-00-00-00-79-AA-13-13-00-20-00-00-03
2016-05-16 01:07:36,095 [MiCare Ftdi Com Thread] INFO  MessageLogger - A100D7IB: RX - 02-FF-00-00-00-00-00-00-00-00-00-1E-71-01-00-00-01-3E-A6-F2-82-03
2016-05-16 01:07:36,145 [MiCare Ftdi Com Thread] INFO  MessageLogger - A100D7IB: TX - 02-00-00-1E-71-01-00-00-01-3E-00-00-00-00-00-00-00-00-A6-06-F2-82-00-03
2016-05-16 02:03:53,964 [MiCare Ftdi Com Thread] INFO  MessageLogger - A100D7IB: RX - 02-FF-00-1E-71-00-00-00-00-79-00-1E-71-00-00-00-00-79-AA-13-13-00-20-00-00-03
2016-05-16 02:08:07,176 [MiCare Ftdi Com Thread] INFO  MessageLogger - A100D7IB: RX - 02-FF-00-00-00-00-00-00-00-00-00-1E-71-01-00-00-01-3E-A6-F2-82-03
2016-05-16 02:08:07,226 [MiCare Ftdi Com Thread] INFO  MessageLogger - A100D7IB: TX - 02-00-00-1E-71-01-00-00-01-3E-00-00-00-00-00-00-00-00-A6-06-F2-82-00-03
2016-05-16 02:12:23,399 [MiCare Ftdi Com Thread] INFO  MessageLogger - A100D7IB: RX - 02-FF-00-1E-71-00-00-00-00-79-00-1E-71-05-00-00-02-A3-A7-00-1E-71-01-00-00-01-3E-78-03
2016-05-16 02:12:23,449 [MiCare Ftdi Com Thread] INFO  MessageLogger - A100D7IB: RX - 02-FF-FF-FF-FF-FF-FF-FF-FF-FF-00-1E-71-05-00-00-02-A3-A3-34-94-02-09-20-FF-FF-E2-00-00-00-1E-71-01-00-00-01-3E-78-03
2016-05-16 02:12:23,479 [MiCare Ftdi Com Thread] INFO  MessageLogger - A100D7IB: RX - 02-FF-FF-FF-FF-FF-FF-FF-FF-FF-00-1E-71-05-00-00-02-A3-A3-34-94-02-09-20-FF-FF-E2-00-00-00-1E-71-01-00-00-01-3E-78-03
2016-05-16 02:12:23,529 [MiCare Ftdi Com Thread] INFO  MessageLogger - A100D7IB: TX - 02-00-00-1E-71-05-00-00-02-A3-00-00-00-00-00-00-00-00-A3-06-34-94-09-03
2016-05-16 02:12:23,599 [MiCare Ftdi Com Thread] INFO  MessageLogger - A100D7IB: TX - 02-00-00-1E-71-05-00-00-02-A3-00-00-00-00-00-00-00-00-A3-06-34-94-09-03
2016-05-16 02:25:44,899 [MiCare Ftdi Com Thread] INFO  MessageLogger - A100D7IB: RX - 02-FF-00-1E-71-00-00-00-00-79-00-1E-71-03-00-00-01-F6-A3-A4-32-02-09-20-FF-FF-E2-00-00-00-1E-71-00-00-00-00-79-9C-03
2016-05-16 02:25:44,899 [MiCare Ftdi Com Thread] INFO  MessageLogger - A100D7IB: RX - 02-FF-00-1E-71-00-00-00-00-79-00-1E-71-03-00-00-01-F6-A3-A4-32-02-09-20-FF-FF-E2-00-00-00-1E-71-00-00-00-00-79-9C-03
2016-05-16 02:25:44,949 [MiCare Ftdi Com Thread] INFO  MessageLogger - A100D7IB: RX - 02-FF-00-1E-71-00-00-00-00-79-00-1E-71-03-00-00-01-F6-A3-A4-32-02-09-20-FF-FF-E2-00-00-00-1E-71-00-00-00-00-79-9C-03
2016-05-16 02:25:44,949 [MiCare Ftdi Com Thread] INFO  MessageLogger - A100D7IB: TX - 02-00-00-1E-71-03-00-00-01-F6-00-00-00-00-00-00-00-00-A3-06-A4-32-09-03
2016-05-16 02:25:44,999 [MiCare Ftdi Com Thread] INFO  MessageLogger - A100D7IB: TX - 02-00-00-1E-71-03-00-00-01-F6-00-00-00-00-00-00-00-00-A3-06-A4-32-09-03
2016-05-16 02:25:45,049 [MiCare Ftdi Com Thread] INFO  MessageLogger - A100D7IB: TX - 02-00-00-1E-71-03-00-00-01-F6-00-00-00-00-00-00-00-00-A3-06-A4-32-09-03
2016-05-16 03:04:19,715 [MiCare Ftdi Com Thread] INFO  MessageLogger - A100D7IB: RX - 02-FF-00-1E-71-00-00-00-00-79-00-1E-71-00-00-00-00-79-AA-13-13-00-20-00-00-03
2016-05-16 03:08:34,178 [MiCare Ftdi Com Thread] INFO  MessageLogger - A100D7IB: RX - 02-FF-00-00-00-00-00-00-00-00-00-1E-71-01-00-00-01-3E-A6-F2-82-03
2016-05-16 03:08:34,228 [MiCare Ftdi Com Thread] INFO  MessageLogger - A100D7IB: TX - 02-00-00-1E-71-01-00-00-01-3E-00-00-00-00-00-00-00-00-A6-06-F2-82-00-03
2016-05-16 03:26:04,230 [MiCare Ftdi Com Thread] INFO  MessageLogger - A100D7IB: RX - 02-FF-00-1E-71-00-00-00-00-79-00-1E-71-03-00-00-00-E0-A3-32-A8-02-09-20-FF-FF-E2-00-00-00-1E-71-00-00-00-00-79-78-03
2016-05-16 03:26:04,230 [MiCare Ftdi Com Thread] INFO  MessageLogger - A100D7IB: RX - 02-FF-00-1E-71-00-00-00-00-79-00-1E-71-03-00-00-00-E0-A3-32-A8-02-09-20-FF-FF-E2-00-00-00-1E-71-00-00-00-00-79-78-03
2016-05-16 03:26:04,280 [MiCare Ftdi Com Thread] INFO  MessageLogger - A100D7IB: RX - 02-FF-00-1E-71-00-00-00-00-79-00-1E-71-03-00-00-00-E0-A3-32-A8-02-09-20-FF-FF-E2-00-00-00-1E-71-00-00-00-00-79-78-03
2016-05-16 03:26:04,280 [MiCare Ftdi Com Thread] INFO  MessageLogger - A100D7IB: TX - 02-00-00-1E-71-03-00-00-00-E0-00-00-00-00-00-00-00-00-A3-06-32-A8-09-03
2016-05-16 03:26:04,330 [MiCare Ftdi Com Thread] INFO  MessageLogger - A100D7IB: TX - 02-00-00-1E-71-03-00-00-00-E0-00-00-00-00-00-00-00-00-A3-06-32-A8-09-03
2016-05-16 03:26:04,390 [MiCare Ftdi Com Thread] INFO  MessageLogger - A100D7IB: TX - 02-00-00-1E-71-03-00-00-00-E0-00-00-00-00-00-00-00-00-A3-06-32-A8-09-03
2016-05-16 03:32:31,310 [MiCare Ftdi Com Thread] INFO  MessageLogger - A100D7IB: RX - 02-FF-00-1E-71-00-00-00-00-79-00-1E-71-05-00-00-02-A2-A7-00-1E-71-01-00-00-01-3E-9C-03
2016-05-16 03:32:31,360 [MiCare Ftdi Com Thread] INFO  MessageLogger - A100D7IB: RX - 02-FF-00-00-00-00-00-00-00-00-00-1E-71-05-00-00-02-A2-A3-C2-52-02-09-20-FF-FF-E2-00-00-00-1E-71-01-00-00-01-3E-9C-03
2016-05-16 03:32:31,410 [MiCare Ftdi Com Thread] INFO  MessageLogger - A100D7IB: RX - 02-FF-00-00-00-00-00-00-00-00-00-1E-71-05-00-00-02-A2-A3-C2-52-02-09-20-FF-FF-E2-00-00-00-1E-71-01-00-00-01-3E-9C-03
2016-05-16 03:32:31,420 [MiCare Ftdi Com Thread] INFO  MessageLogger - A100D7IB: RX - 02-FF-00-00-00-00-00-00-00-00-00-1E-71-05-00-00-02-A2-A3-C2-52-02-09-20-FF-FF-E2-00-00-00-1E-71-01-00-00-01-3E-9C-03
2016-05-16 03:32:31,420 [MiCare Ftdi Com Thread] INFO  MessageLogger - A100D7IB: TX - 02-00-00-1E-71-05-00-00-02-A2-00-00-00-00-00-00-00-00-A3-06-C2-52-09-03
2016-05-16 03:32:31,470 [MiCare Ftdi Com Thread] INFO  MessageLogger - A100D7IB: TX - 02-00-00-1E-71-05-00-00-02-A2-00-00-00-00-00-00-00-00-A3-06-C2-52-09-03
2016-05-16 03:32:31,530 [MiCare Ftdi Com Thread] INFO  MessageLogger - A100D7IB: TX - 02-00-00-1E-71-05-00-00-02-A2-00-00-00-00-00-00-00-00-A3-06-C2-52-09-03
2016-05-16 03:35:38,439 [MiCare Ftdi Com Thread] INFO  MessageLogger - A100D7IB: RX - 02-FF-00-1E-71-00-00-00-00-79-00-1E-71-05-00-00-02-57-A7-00-1E-71-01-00-00-01-3E-8D-03
2016-05-16 03:35:38,539 [MiCare Ftdi Com Thread] INFO  MessageLogger - A100D7IB: RX - 02-FF-00-1E-71-00-00-00-00-79-00-1E-71-05-00-00-02-57-A3-32-BC-02-09-20-FF-FF-E2-00-00-00-1E-71-01-00-00-01-3E-8D-03
2016-05-16 03:35:38,539 [MiCare Ftdi Com Thread] INFO  MessageLogger - A100D7IB: RX - 02-FF-00-1E-71-00-00-00-00-79-00-1E-71-05-00-00-02-57-A3-32-BC-02-09-20-FF-FF-E2-00-00-00-1E-71-01-00-00-01-3E-8D-03
2016-05-16 03:35:38,589 [MiCare Ftdi Com Thread] INFO  MessageLogger - A100D7IB: RX - 02-FF-00-1E-71-00-00-00-00-79-00-1E-71-05-00-00-02-57-A3-32-BC-02-09-20-FF-FF-E2-00-00-00-1E-71-01-00-00-01-3E-8D-03
2016-05-16 03:35:38,589 [MiCare Ftdi Com Thread] INFO  MessageLogger - A100D7IB: TX - 02-00-00-1E-71-05-00-00-02-57-00-00-00-00-00-00-00-00-A3-06-32-BC-09-03
2016-05-16 03:35:38,639 [MiCare Ftdi Com Thread] INFO  MessageLogger - A100D7IB: TX - 02-00-00-1E-71-05-00-00-02-57-00-00-00-00-00-00-00-00-A3-06-32-BC-09-03
2016-05-16 03:35:38,689 [MiCare Ftdi Com Thread] INFO  MessageLogger - A100D7IB: TX - 02-00-00-1E-71-05-00-00-02-57-00-00-00-00-00-00-00-00-A3-06-32-BC-09-03
2016-05-16 03:42:38,970 [MiCare Ftdi Com Thread] INFO  MessageLogger - A100D7IB: RX - 02-FF-00-1E-71-00-00-00-00-79-00-1E-71-05-00-00-02-34-A7-00-1E-71-01-00-00-01-3E-4E-03
2016-05-16 03:42:38,970 [MiCare Ftdi Com Thread] INFO  MessageLogger - A100D7IB: RX - 02-FF-00-1E-71-00-00-00-00-79-00-1E-71-05-00-00-02-34-A3-05-A2-02-09-20-FF-FF-E2-00-00-00-1E-71-00-00-00-00-79-6F-03
2016-05-16 03:42:39,020 [MiCare Ftdi Com Thread] INFO  MessageLogger - A100D7IB: RX - 02-FF-00-1E-71-00-00-00-00-79-00-1E-71-05-00-00-02-34-A3-05-A2-02-09-20-FF-FF-E2-00-00-00-1E-71-00-00-00-00-79-6F-03
2016-05-16 03:42:39,040 [MiCare Ftdi Com Thread] INFO  MessageLogger - A100D7IB: TX - 02-00-00-1E-71-05-00-00-02-34-00-00-00-00-00-00-00-00-A3-06-05-A2-09-03
2016-05-16 03:42:39,090 [MiCare Ftdi Com Thread] INFO  MessageLogger - A100D7IB: RX - 02-FF-00-1E-71-00-00-00-00-79-00-1E-71-05-00-00-02-34-A3-05-A2-02-09-20-FF-FF-E2-00-00-00-1E-71-00-00-00-00-79-6F-03
2016-05-16 03:42:39,100 [MiCare Ftdi Com Thread] INFO  MessageLogger - A100D7IB: TX - 02-00-00-1E-71-05-00-00-02-34-00-00-00-00-00-00-00-00-A3-06-05-A2-09-03
2016-05-16 03:42:39,150 [MiCare Ftdi Com Thread] INFO  MessageLogger - A100D7IB: TX - 02-00-00-1E-71-05-00-00-02-34-00-00-00-00-00-00-00-00-A3-06-05-A2-09-03
2016-05-16 04:04:46,476 [MiCare Ftdi Com Thread] INFO  MessageLogger - A100D7IB: RX - 02-FF-00-1E-71-00-00-00-00-79-00-1E-71-00-00-00-00-79-AA-13-13-00-20-00-00-03
2016-05-16 04:09:00,139 [MiCare Ftdi Com Thread] INFO  MessageLogger - A100D7IB: RX - 02-FF-00-00-00-00-00-00-00-00-00-1E-71-01-00-00-01-3E-A6-F2-82-03
2016-05-16 04:09:00,189 [MiCare Ftdi Com Thread] INFO  MessageLogger - A100D7IB: TX - 02-00-00-1E-71-01-00-00-01-3E-00-00-00-00-00-00-00-00-A6-06-F2-82-00-03
2016-05-16 05:05:13,228 [MiCare Ftdi Com Thread] INFO  MessageLogger - A100D7IB: RX - 02-FF-00-1E-71-00-00-00-00-79-00-1E-71-00-00-00-00-79-AA-13-13-00-20-00-00-03
2016-05-16 05:09:28,140 [MiCare Ftdi Com Thread] INFO  MessageLogger - A100D7IB: RX - 02-FF-00-00-00-00-00-00-00-00-00-1E-71-01-00-00-01-3E-A6-F2-82-03
2016-05-16 05:09:28,190 [MiCare Ftdi Com Thread] INFO  MessageLogger - A100D7IB: TX - 02-00-00-1E-71-01-00-00-01-3E-00-00-00-00-00-00-00-00-A6-06-F2-82-00-03
2016-05-16 05:34:29,375 [MiCare Ftdi Com Thread] INFO  MessageLogger - A100D7IB: RX - 02-FF-00-1E-71-00-00-00-00-79-00-1E-71-03-00-00-04-04-A3-75-17-02-09-A0-FF-FF-E2-00-00-00-1E-71-00-00-00-00-79-8A-03
2016-05-16 05:34:29,425 [MiCare Ftdi Com Thread] INFO  MessageLogger - A100D7IB: RX - 02-FF-00-1E-71-00-00-00-00-79-00-1E-71-03-00-00-04-04-A3-75-17-02-09-A0-FF-FF-E2-00-00-00-1E-71-00-00-00-00-79-8A-03
2016-05-16 05:34:29,425 [MiCare Ftdi Com Thread] INFO  MessageLogger - A100D7IB: TX - 02-00-00-1E-71-03-00-00-04-04-00-00-00-00-00-00-00-00-A3-06-75-17-09-03
2016-05-16 05:34:29,475 [MiCare Ftdi Com Thread] INFO  MessageLogger - A100D7IB: RX - 02-FF-00-1E-71-00-00-00-00-79-00-1E-71-03-00-00-04-04-A3-75-17-02-09-A0-FF-FF-E2-00-00-00-1E-71-00-00-00-00-79-8A-03
2016-05-16 05:34:29,475 [MiCare Ftdi Com Thread] INFO  MessageLogger - A100D7IB: TX - 02-00-00-1E-71-03-00-00-04-04-00-00-00-00-00-00-00-00-A3-06-75-17-09-03
2016-05-16 05:34:29,525 [MiCare Ftdi Com Thread] INFO  MessageLogger - A100D7IB: TX - 02-00-00-1E-71-03-00-00-04-04-00-00-00-00-00-00-00-00-A3-06-75-17-09-03
2016-05-16 05:41:11,046 [MiCare Ftdi Com Thread] INFO  MessageLogger - A100D7IB: RX - 02-FF-00-1E-71-00-00-00-00-79-00-1E-71-05-00-00-02-0D-A7-00-1E-71-01-00-00-01-3E-87-03
2016-05-16 05:41:11,096 [MiCare Ftdi Com Thread] INFO  MessageLogger - A100D7IB: RX - 02-FF-00-1E-71-00-00-00-00-79-00-1E-71-05-00-00-02-0D-A3-84-E7-02-09-20-FF-FF-E2-00-00-00-1E-71-01-00-00-01-3E-84-03
2016-05-16 05:41:11,096 [MiCare Ftdi Com Thread] INFO  MessageLogger - A100D7IB: RX - 02-FF-00-1E-71-00-00-00-00-79-00-1E-71-05-00-00-02-0D-A3-84-E7-02-09-20-FF-FF-E2-00-00-00-1E-71-01-00-00-01-3E-84-03
2016-05-16 05:41:11,146 [MiCare Ftdi Com Thread] INFO  MessageLogger - A100D7IB: RX - 02-FF-00-1E-71-00-00-00-00-79-00-1E-71-05-00-00-02-0D-A3-84-E7-02-09-20-FF-FF-E2-00-00-00-1E-71-01-00-00-01-3E-84-03
2016-05-16 05:41:11,156 [MiCare Ftdi Com Thread] INFO  MessageLogger - A100D7IB: TX - 02-00-00-1E-71-05-00-00-02-0D-00-00-00-00-00-00-00-00-A3-06-84-E7-09-03
2016-05-16 05:41:11,206 [MiCare Ftdi Com Thread] INFO  MessageLogger - A100D7IB: TX - 02-00-00-1E-71-05-00-00-02-0D-00-00-00-00-00-00-00-00-A3-06-84-E7-09-03
2016-05-16 05:41:11,296 [MiCare Ftdi Com Thread] INFO  MessageLogger - A100D7IB: TX - 02-00-00-1E-71-05-00-00-02-0D-00-00-00-00-00-00-00-00-A3-06-84-E7-09-03
2016-05-16 06:04:39,927 [MiCare Ftdi Com Thread] INFO  MessageLogger - A100D7IB: RX - 02-FF-00-1E-71-00-00-00-00-79-00-1E-71-03-00-00-01-F6-A3-A4-32-02-09-20-FF-FF-E2-00-00-00-1E-71-00-00-00-00-79-9C-03
2016-05-16 06:04:39,977 [MiCare Ftdi Com Thread] INFO  MessageLogger - A100D7IB: RX - 02-FF-00-1E-71-00-00-00-00-79-00-1E-71-03-00-00-01-F6-A3-A4-32-02-09-20-FF-FF-E2-00-00-00-1E-71-00-00-00-00-79-9C-03
2016-05-16 06:04:39,977 [MiCare Ftdi Com Thread] INFO  MessageLogger - A100D7IB: RX - 02-FF-00-1E-71-00-00-00-00-79-00-1E-71-03-00-00-01-F6-A3-A4-32-02-09-20-FF-FF-E2-00-00-00-1E-71-00-00-00-00-79-9C-03
2016-05-16 06:04:39,977 [MiCare Ftdi Com Thread] INFO  MessageLogger - A100D7IB: TX - 02-00-00-1E-71-03-00-00-01-F6-00-00-00-00-00-00-00-00-A3-06-A4-32-09-03
2016-05-16 06:04:40,027 [MiCare Ftdi Com Thread] INFO  MessageLogger - A100D7IB: TX - 02-00-00-1E-71-03-00-00-01-F6-00-00-00-00-00-00-00-00-A3-06-A4-32-09-03
2016-05-16 06:04:40,087 [MiCare Ftdi Com Thread] INFO  MessageLogger - A100D7IB: TX - 02-00-00-1E-71-03-00-00-01-F6-00-00-00-00-00-00-00-00-A3-06-A4-32-09-03
2016-05-16 06:05:39,887 [MiCare Ftdi Com Thread] INFO  MessageLogger - A100D7IB: RX - 02-FF-00-1E-71-00-00-00-00-79-00-1E-71-00-00-00-00-79-AA-13-13-00-20-00-00-03
2016-05-16 06:09:53,938 [MiCare Ftdi Com Thread] INFO  MessageLogger - A100D7IB: RX - 02-FF-00-00-00-00-00-00-00-00-00-1E-71-01-00-00-01-3E-A6-F2-82-03
2016-05-16 06:09:53,988 [MiCare Ftdi Com Thread] INFO  MessageLogger - A100D7IB: TX - 02-00-00-1E-71-01-00-00-01-3E-00-00-00-00-00-00-00-00-A6-06-F2-82-00-03
2016-05-16 06:25:16,026 [MiCare Ftdi Com Thread] INFO  MessageLogger - A100D7IB: RX - 02-FF-00-1E-71-00-00-00-00-79-00-1E-71-05-00-00-02-34-A7-00-1E-71-01-00-00-01-3E-4E-03
2016-05-16 06:25:16,076 [MiCare Ftdi Com Thread] INFO  MessageLogger - A100D7IB: RX - 02-FF-00-1E-71-00-00-00-00-79-00-1E-71-05-00-00-02-34-A3-05-A2-02-09-20-FF-FF-E2-00-00-00-1E-71-00-00-00-00-79-6F-03
2016-05-16 06:25:16,086 [MiCare Ftdi Com Thread] INFO  MessageLogger - A100D7IB: RX - 02-FF-00-1E-71-00-00-00-00-79-00-1E-71-05-00-00-02-34-A3-05-A2-02-09-20-FF-FF-E2-00-00-00-1E-71-00-00-00-00-79-6F-03
2016-05-16 06:25:16,136 [MiCare Ftdi Com Thread] INFO  MessageLogger - A100D7IB: RX - 02-FF-00-1E-71-00-00-00-00-79-00-1E-71-05-00-00-02-34-A3-05-A2-02-09-20-FF-FF-E2-00-00-00-1E-71-00-00-00-00-79-6F-03
2016-05-16 06:25:16,166 [MiCare Ftdi Com Thread] INFO  MessageLogger - A100D7IB: TX - 02-00-00-1E-71-05-00-00-02-34-00-00-00-00-00-00-00-00-A3-06-05-A2-09-03
2016-05-16 06:25:16,216 [MiCare Ftdi Com Thread] INFO  MessageLogger - A100D7IB: TX - 02-00-00-1E-71-05-00-00-02-34-00-00-00-00-00-00-00-00-A3-06-05-A2-09-03
2016-05-16 06:25:16,266 [MiCare Ftdi Com Thread] INFO  MessageLogger - A100D7IB: TX - 02-00-00-1E-71-05-00-00-02-34-00-00-00-00-00-00-00-00-A3-06-05-A2-09-03
2016-05-16 07:10:21,951 [MiCare Ftdi Com Thread] INFO  MessageLogger - A100D7IB: RX - 02-FF-00-00-00-00-00-00-00-00-00-1E-71-01-00-00-01-3E-A6-F2-82-03
2016-05-16 07:10:22,001 [MiCare Ftdi Com Thread] INFO  MessageLogger - A100D7IB: TX - 02-00-00-1E-71-01-00-00-01-3E-00-00-00-00-00-00-00-00-A6-06-F2-82-00-03
2016-05-16 07:40:30,411 [MiCare Ftdi Com Thread] INFO  MessageLogger - A100D7IB: RX - 02-FF-00-1E-71-00-00-00-00-79-00-1E-71-05-00-00-02-A3-A7-00-1E-71-01-00-00-01-3E-7B-03
2016-05-16 07:40:30,411 [MiCare Ftdi Com Thread] INFO  MessageLogger - A100D7IB: RX - 02-FF-FF-FF-FF-FF-FF-FF-FF-FF-00-1E-71-05-00-00-02-A3-A3-34-94-02-09-20-FF-FF-E2-00-00-00-1E-71-01-00-00-01-3E-78-03
2016-05-16 07:40:30,462 [MiCare Ftdi Com Thread] INFO  MessageLogger - A100D7IB: RX - 02-FF-FF-FF-FF-FF-FF-FF-FF-FF-00-1E-71-05-00-00-02-A3-A3-34-94-02-09-20-FF-FF-E2-00-00-00-1E-71-01-00-00-01-3E-78-03
2016-05-16 07:40:30,462 [MiCare Ftdi Com Thread] INFO  MessageLogger - A100D7IB: TX - 02-00-00-1E-71-05-00-00-02-A3-00-00-00-00-00-00-00-00-A3-06-34-94-09-03
2016-05-16 07:40:30,512 [MiCare Ftdi Com Thread] INFO  MessageLogger - A100D7IB: RX - 02-FF-FF-FF-FF-FF-FF-FF-FF-FF-00-1E-71-05-00-00-02-A3-A3-34-94-02-09-20-FF-FF-E2-00-00-00-1E-71-01-00-00-01-3E-78-03
2016-05-16 07:40:30,542 [MiCare Ftdi Com Thread] INFO  MessageLogger - A100D7IB: TX - 02-00-00-1E-71-05-00-00-02-A3-00-00-00-00-00-00-00-00-A3-06-34-94-09-03
2016-05-16 07:40:30,592 [MiCare Ftdi Com Thread] INFO  MessageLogger - A100D7IB: TX - 02-00-00-1E-71-05-00-00-02-A3-00-00-00-00-00-00-00-00-A3-06-34-94-09-03
2016-05-16 08:06:33,420 [MiCare Ftdi Com Thread] INFO  MessageLogger - A100D7IB: RX - 02-FF-00-1E-71-00-00-00-00-79-00-1E-71-00-00-00-00-79-AA-13-13-00-20-00-00-03
2016-05-16 08:10:50,983 [MiCare Ftdi Com Thread] INFO  MessageLogger - A100D7IB: RX - 02-FF-00-00-00-00-00-00-00-00-00-1E-71-01-00-00-01-3E-A6-F2-82-03
2016-05-16 08:10:51,033 [MiCare Ftdi Com Thread] INFO  MessageLogger - A100D7IB: TX - 02-00-00-1E-71-01-00-00-01-3E-00-00-00-00-00-00-00-00-A6-06-F2-82-00-03
2016-05-16 08:49:55,110 [MiCare Ftdi Com Thread] INFO  MessageLogger - A100D7IB: RX - 02-FF-00-1E-71-00-00-00-00-79-00-1E-71-05-00-00-02-57-A7-00-1E-71-01-00-00-01-3E-8A-03
2016-05-16 08:49:55,160 [MiCare Ftdi Com Thread] INFO  MessageLogger - A100D7IB: RX - 02-FF-00-1E-71-00-00-00-00-79-00-1E-71-05-00-00-02-57-A3-32-BC-02-09-20-FF-FF-E2-00-00-00-1E-71-01-00-00-01-3E-8A-03
2016-05-16 08:49:55,160 [MiCare Ftdi Com Thread] INFO  MessageLogger - A100D7IB: RX - 02-FF-00-1E-71-00-00-00-00-79-00-1E-71-05-00-00-02-57-A3-32-BC-02-09-20-FF-FF-E2-00-00-00-1E-71-01-00-00-01-3E-8A-03
2016-05-16 08:49:55,210 [MiCare Ftdi Com Thread] INFO  MessageLogger - A100D7IB: RX - 02-FF-00-1E-71-00-00-00-00-79-00-1E-71-05-00-00-02-57-A3-32-BC-02-09-20-FF-FF-E2-00-00-00-1E-71-01-00-00-01-3E-8A-03
2016-05-16 08:49:55,220 [MiCare Ftdi Com Thread] INFO  MessageLogger - A100D7IB: TX - 02-00-00-1E-71-05-00-00-02-57-00-00-00-00-00-00-00-00-A3-06-32-BC-09-03
2016-05-16 08:49:55,270 [MiCare Ftdi Com Thread] INFO  MessageLogger - A100D7IB: TX - 02-00-00-1E-71-05-00-00-02-57-00-00-00-00-00-00-00-00-A3-06-32-BC-09-03
2016-05-16 08:49:55,340 [MiCare Ftdi Com Thread] INFO  MessageLogger - A100D7IB: TX - 02-00-00-1E-71-05-00-00-02-57-00-00-00-00-00-00-00-00-A3-06-32-BC-09-03
2016-05-16 08:50:06,540 [MiCare Ftdi Com Thread] INFO  MessageLogger - A100D7IB: RX - 02-FF-00-1E-71-00-00-00-00-79-00-1E-71-03-00-00-00-E0-A3-32-A8-02-09-20-FF-FF-E2-00-00-00-1E-71-00-00-00-00-79-78-03
2016-05-16 08:50:06,590 [MiCare Ftdi Com Thread] INFO  MessageLogger - A100D7IB: RX - 02-FF-00-1E-71-00-00-00-00-79-00-1E-71-03-00-00-00-E0-A3-32-A8-02-09-20-FF-FF-E2-00-00-00-1E-71-00-00-00-00-79-78-03
2016-05-16 08:50:06,590 [MiCare Ftdi Com Thread] INFO  MessageLogger - A100D7IB: RX - 02-FF-00-1E-71-00-00-00-00-79-00-1E-71-03-00-00-00-E0-A3-32-A8-02-09-20-FF-FF-E2-00-00-00-1E-71-00-00-00-00-79-78-03
2016-05-16 08:50:06,590 [MiCare Ftdi Com Thread] INFO  MessageLogger - A100D7IB: TX - 02-00-00-1E-71-03-00-00-00-E0-00-00-00-00-00-00-00-00-A3-06-32-A8-09-03
2016-05-16 08:50:06,640 [MiCare Ftdi Com Thread] INFO  MessageLogger - A100D7IB: TX - 02-00-00-1E-71-03-00-00-00-E0-00-00-00-00-00-00-00-00-A3-06-32-A8-09-03
2016-05-16 08:50:06,700 [MiCare Ftdi Com Thread] INFO  MessageLogger - A100D7IB: TX - 02-00-00-1E-71-03-00-00-00-E0-00-00-00-00-00-00-00-00-A3-06-32-A8-09-03
2016-05-16 09:05:16,646 [MiCare Ftdi Com Thread] INFO  MessageLogger - A100D7IB: RX - 02-FF-00-1E-71-00-00-00-00-79-00-1E-71-05-00-00-02-A2-A7-00-1E-71-01-00-00-01-3E-9F-03
2016-05-16 09:05:16,696 [MiCare Ftdi Com Thread] INFO  MessageLogger - A100D7IB: RX - 02-FF-00-00-00-00-00-00-00-00-00-1E-71-05-00-00-02-A2-A3-C2-52-02-09-20-FF-FF-E2-00-00-00-1E-71-01-00-00-01-3E-9F-03
2016-05-16 09:05:16,696 [MiCare Ftdi Com Thread] INFO  MessageLogger - A100D7IB: RX - 02-FF-00-00-00-00-00-00-00-00-00-1E-71-05-00-00-02-A2-A3-C2-52-02-09-20-FF-FF-E2-00-00-00-1E-71-01-00-00-01-3E-9F-03
2016-05-16 09:05:16,746 [MiCare Ftdi Com Thread] INFO  MessageLogger - A100D7IB: RX - 02-FF-00-00-00-00-00-00-00-00-00-1E-71-05-00-00-02-A2-A3-C2-52-02-09-20-FF-FF-E2-00-00-00-1E-71-01-00-00-01-3E-9F-03
2016-05-16 09:05:16,796 [MiCare Ftdi Com Thread] INFO  MessageLogger - A100D7IB: TX - 02-00-00-1E-71-05-00-00-02-A2-00-00-00-00-00-00-00-00-A3-06-C2-52-09-03
2016-05-16 09:05:16,846 [MiCare Ftdi Com Thread] INFO  MessageLogger - A100D7IB: TX - 02-00-00-1E-71-05-00-00-02-A2-00-00-00-00-00-00-00-00-A3-06-C2-52-09-03
2016-05-16 09:05:16,916 [MiCare Ftdi Com Thread] INFO  MessageLogger - A100D7IB: TX - 02-00-00-1E-71-05-00-00-02-A2-00-00-00-00-00-00-00-00-A3-06-C2-52-09-03
2016-05-16 09:06:59,121 [MiCare Ftdi Com Thread] INFO  MessageLogger - A100D7IB: RX - 02-FF-00-1E-71-00-00-00-00-79-00-1E-71-00-00-00-00-79-AA-13-13-00-20-00-00-03
2016-05-16 09:08:04,824 [MiCare Ftdi Com Thread] INFO  MessageLogger - A100D7IB: RX - 02-FF-00-1E-71-00-00-00-00-79-00-1E-71-05-00-00-02-34-A7-00-1E-71-01-00-00-01-3E-57-03
2016-05-16 09:08:04,824 [MiCare Ftdi Com Thread] INFO  MessageLogger - A100D7IB: RX - 02-FF-00-1E-71-00-00-00-00-79-00-1E-71-05-00-00-02-34-A3-05-A2-02-09-20-FF-FF-E2-00-00-00-1E-71-00-00-00-00-79-6C-03
2016-05-16 09:08:04,874 [MiCare Ftdi Com Thread] INFO  MessageLogger - A100D7IB: RX - 02-FF-00-1E-71-00-00-00-00-79-00-1E-71-05-00-00-02-34-A3-05-A2-02-09-20-FF-FF-E2-00-00-00-1E-71-00-00-00-00-79-6C-03
2016-05-16 09:08:04,874 [MiCare Ftdi Com Thread] INFO  MessageLogger - A100D7IB: TX - 02-00-00-1E-71-05-00-00-02-34-00-00-00-00-00-00-00-00-A3-06-05-A2-09-03
2016-05-16 09:08:04,924 [MiCare Ftdi Com Thread] INFO  MessageLogger - A100D7IB: RX - 02-FF-00-1E-71-00-00-00-00-79-00-1E-71-05-00-00-02-34-A3-05-A2-02-09-20-FF-FF-E2-00-00-00-1E-71-00-00-00-00-79-6C-03
2016-05-16 09:08:04,924 [MiCare Ftdi Com Thread] INFO  MessageLogger - A100D7IB: TX - 02-00-00-1E-71-05-00-00-02-34-00-00-00-00-00-00-00-00-A3-06-05-A2-09-03
2016-05-16 09:08:04,974 [MiCare Ftdi Com Thread] INFO  MessageLogger - A100D7IB: TX - 02-00-00-1E-71-05-00-00-02-34-00-00-00-00-00-00-00-00-A3-06-05-A2-09-03
2016-05-16 09:11:17,934 [MiCare Ftdi Com Thread] INFO  MessageLogger - A100D7IB: RX - 02-FF-00-00-00-00-00-00-00-00-00-1E-71-01-00-00-01-3E-A6-F2-82-03
2016-05-16 09:11:17,984 [MiCare Ftdi Com Thread] INFO  MessageLogger - A100D7IB: TX - 02-00-00-1E-71-01-00-00-01-3E-00-00-00-00-00-00-00-00-A6-06-F2-82-00-03
2016-05-16 09:43:41,641 [MiCare Ftdi Com Thread] INFO  MessageLogger - A100D7IB: RX - 02-FF-00-1E-71-00-00-00-00-79-00-1E-71-03-00-00-01-F6-A3-A4-32-02-09-20-FF-FF-E2-00-00-00-1E-71-00-00-00-00-79-9F-03
2016-05-16 09:43:41,641 [MiCare Ftdi Com Thread] INFO  MessageLogger - A100D7IB: RX - 02-FF-00-1E-71-00-00-00-00-79-00-1E-71-03-00-00-01-F6-A3-A4-32-02-09-20-FF-FF-E2-00-00-00-1E-71-00-00-00-00-79-9F-03
2016-05-16 09:43:41,691 [MiCare Ftdi Com Thread] INFO  MessageLogger - A100D7IB: RX - 02-FF-00-1E-71-00-00-00-00-79-00-1E-71-03-00-00-01-F6-A3-A4-32-02-09-20-FF-FF-E2-00-00-00-1E-71-00-00-00-00-79-9F-03
2016-05-16 09:43:41,691 [MiCare Ftdi Com Thread] INFO  MessageLogger - A100D7IB: TX - 02-00-00-1E-71-03-00-00-01-F6-00-00-00-00-00-00-00-00-A3-06-A4-32-09-03
2016-05-16 09:43:41,741 [MiCare Ftdi Com Thread] INFO  MessageLogger - A100D7IB: TX - 02-00-00-1E-71-03-00-00-01-F6-00-00-00-00-00-00-00-00-A3-06-A4-32-09-03
2016-05-16 09:43:41,791 [MiCare Ftdi Com Thread] INFO  MessageLogger - A100D7IB: TX - 02-00-00-1E-71-03-00-00-01-F6-00-00-00-00-00-00-00-00-A3-06-A4-32-09-03
2016-05-16 10:07:24,862 [MiCare Ftdi Com Thread] INFO  MessageLogger - A100D7IB: RX - 02-FF-00-1E-71-00-00-00-00-79-00-1E-71-00-00-00-00-79-AA-13-13-00-20-00-00-03
2016-05-16 10:11:43,875 [MiCare Ftdi Com Thread] INFO  MessageLogger - A100D7IB: RX - 02-FF-00-00-00-00-00-00-00-00-00-1E-71-01-00-00-01-3E-A6-F2-82-03
2016-05-16 10:11:43,925 [MiCare Ftdi Com Thread] INFO  MessageLogger - A100D7IB: TX - 02-00-00-1E-71-01-00-00-01-3E-00-00-00-00-00-00-00-00-A6-06-F2-82-00-03
